[2025-05-06T19:03:46.263+0000] {local_task_job_runner.py:120} INFO - ::group::Pre task execution logs
[2025-05-06T19:03:46.307+0000] {taskinstance.py:2076} INFO - Dependencies all met for dep_context=non-requeueable deps ti=<TaskInstance: weather_etl_dag.fetch_weather manual__2025-05-06T19:03:45.025260+00:00 [queued]>
[2025-05-06T19:03:46.319+0000] {taskinstance.py:2076} INFO - Dependencies all met for dep_context=requeueable deps ti=<TaskInstance: weather_etl_dag.fetch_weather manual__2025-05-06T19:03:45.025260+00:00 [queued]>
[2025-05-06T19:03:46.321+0000] {taskinstance.py:2306} INFO - Starting attempt 1 of 1
[2025-05-06T19:03:46.339+0000] {taskinstance.py:2330} INFO - Executing <Task(PythonOperator): fetch_weather> on 2025-05-06 19:03:45.025260+00:00
[2025-05-06T19:03:46.351+0000] {logging_mixin.py:188} WARNING - /home/airflow/.local/lib/python3.12/site-packages/airflow/task/task_runner/standard_task_runner.py:61 DeprecationWarning: This process (pid=3175) is multi-threaded, use of fork() may lead to deadlocks in the child.
[2025-05-06T19:03:46.352+0000] {standard_task_runner.py:63} INFO - Started process 3183 to run task
[2025-05-06T19:03:46.351+0000] {standard_task_runner.py:90} INFO - Running: ['airflow', 'tasks', 'run', 'weather_etl_dag', 'fetch_weather', 'manual__2025-05-06T19:03:45.025260+00:00', '--job-id', '89', '--raw', '--subdir', 'DAGS_FOLDER/weather_etl_dag.py', '--cfg-path', '/tmp/tmp5y_gyvs6']
[2025-05-06T19:03:46.354+0000] {standard_task_runner.py:91} INFO - Job 89: Subtask fetch_weather
[2025-05-06T19:03:46.375+0000] {logging_mixin.py:188} WARNING - /home/airflow/.local/lib/python3.12/site-packages/airflow/settings.py:195 DeprecationWarning: The sql_alchemy_conn option in [core] has been moved to the sql_alchemy_conn option in [database] - the old setting has been used, but please update your config.
[2025-05-06T19:03:46.418+0000] {task_command.py:426} INFO - Running <TaskInstance: weather_etl_dag.fetch_weather manual__2025-05-06T19:03:45.025260+00:00 [running]> on host e97543d89996
[2025-05-06T19:03:46.534+0000] {taskinstance.py:2648} INFO - Exporting env vars: AIRFLOW_CTX_DAG_OWNER='airflow' AIRFLOW_CTX_DAG_ID='weather_etl_dag' AIRFLOW_CTX_TASK_ID='fetch_weather' AIRFLOW_CTX_EXECUTION_DATE='2025-05-06T19:03:45.025260+00:00' AIRFLOW_CTX_TRY_NUMBER='1' AIRFLOW_CTX_DAG_RUN_ID='manual__2025-05-06T19:03:45.025260+00:00'
[2025-05-06T19:03:46.536+0000] {taskinstance.py:430} INFO - ::endgroup::
[2025-05-06T19:03:47.229+0000] {logging_mixin.py:188} INFO - Weather data fetched and saved successfully.
[2025-05-06T19:03:47.231+0000] {python.py:237} INFO - Done. Returned value was: None
[2025-05-06T19:03:47.233+0000] {taskinstance.py:441} INFO - ::group::Post task execution logs
[2025-05-06T19:03:47.245+0000] {taskinstance.py:1206} INFO - Marking task as SUCCESS. dag_id=weather_etl_dag, task_id=fetch_weather, run_id=manual__2025-05-06T19:03:45.025260+00:00, execution_date=20250506T190345, start_date=20250506T190346, end_date=20250506T190347
[2025-05-06T19:03:47.292+0000] {local_task_job_runner.py:240} INFO - Task exited with return code 0
[2025-05-06T19:03:47.322+0000] {taskinstance.py:3498} INFO - 1 downstream tasks scheduled from follow-on schedule check
[2025-05-06T19:03:47.324+0000] {local_task_job_runner.py:222} INFO - ::endgroup::
