[2025-05-07T08:08:25.511+0000] {local_task_job_runner.py:120} INFO - ::group::Pre task execution logs
[2025-05-07T08:08:25.541+0000] {taskinstance.py:2076} INFO - Dependencies all met for dep_context=non-requeueable deps ti=<TaskInstance: weather_etl_dag.run_dbt manual__2025-05-07T08:08:22.476671+00:00 [queued]>
[2025-05-07T08:08:25.554+0000] {taskinstance.py:2076} INFO - Dependencies all met for dep_context=requeueable deps ti=<TaskInstance: weather_etl_dag.run_dbt manual__2025-05-07T08:08:22.476671+00:00 [queued]>
[2025-05-07T08:08:25.555+0000] {taskinstance.py:2306} INFO - Starting attempt 1 of 1
[2025-05-07T08:08:25.578+0000] {taskinstance.py:2330} INFO - Executing <Task(PythonOperator): run_dbt> on 2025-05-07 08:08:22.476671+00:00
[2025-05-07T08:08:25.588+0000] {logging_mixin.py:188} WARNING - /home/airflow/.local/lib/python3.12/site-packages/airflow/task/task_runner/standard_task_runner.py:61 DeprecationWarning: This process (pid=4814) is multi-threaded, use of fork() may lead to deadlocks in the child.
[2025-05-07T08:08:25.588+0000] {standard_task_runner.py:90} INFO - Running: ['airflow', 'tasks', 'run', 'weather_etl_dag', 'run_dbt', 'manual__2025-05-07T08:08:22.476671+00:00', '--job-id', '186', '--raw', '--subdir', 'DAGS_FOLDER/weather_etl_dag.py', '--cfg-path', '/tmp/tmpocd5qbgt']
[2025-05-07T08:08:25.589+0000] {standard_task_runner.py:63} INFO - Started process 4816 to run task
[2025-05-07T08:08:25.590+0000] {standard_task_runner.py:91} INFO - Job 186: Subtask run_dbt
[2025-05-07T08:08:25.607+0000] {logging_mixin.py:188} WARNING - /home/airflow/.local/lib/python3.12/site-packages/airflow/settings.py:195 DeprecationWarning: The sql_alchemy_conn option in [core] has been moved to the sql_alchemy_conn option in [database] - the old setting has been used, but please update your config.
[2025-05-07T08:08:25.651+0000] {task_command.py:426} INFO - Running <TaskInstance: weather_etl_dag.run_dbt manual__2025-05-07T08:08:22.476671+00:00 [running]> on host 3febfdbf0043
[2025-05-07T08:08:25.819+0000] {taskinstance.py:2648} INFO - Exporting env vars: AIRFLOW_CTX_DAG_OWNER='airflow' AIRFLOW_CTX_DAG_ID='weather_etl_dag' AIRFLOW_CTX_TASK_ID='run_dbt' AIRFLOW_CTX_EXECUTION_DATE='2025-05-07T08:08:22.476671+00:00' AIRFLOW_CTX_TRY_NUMBER='1' AIRFLOW_CTX_DAG_RUN_ID='manual__2025-05-07T08:08:22.476671+00:00'
[2025-05-07T08:08:25.821+0000] {taskinstance.py:430} INFO - ::endgroup::
[2025-05-07T08:08:33.237+0000] {logging_mixin.py:188} INFO - dbt run completed successfully.
[2025-05-07T08:08:33.237+0000] {python.py:237} INFO - Done. Returned value was: None
[2025-05-07T08:08:33.238+0000] {taskinstance.py:441} INFO - ::group::Post task execution logs
[2025-05-07T08:08:33.249+0000] {taskinstance.py:1206} INFO - Marking task as SUCCESS. dag_id=weather_etl_dag, task_id=run_dbt, run_id=manual__2025-05-07T08:08:22.476671+00:00, execution_date=20250507T080822, start_date=20250507T080825, end_date=20250507T080833
[2025-05-07T08:08:33.304+0000] {local_task_job_runner.py:240} INFO - Task exited with return code 0
[2025-05-07T08:08:33.323+0000] {taskinstance.py:3498} INFO - 0 downstream tasks scheduled from follow-on schedule check
[2025-05-07T08:08:33.326+0000] {local_task_job_runner.py:222} INFO - ::endgroup::
