[2025-05-07T09:49:21.785+0000] {local_task_job_runner.py:120} INFO - ::group::Pre task execution logs
[2025-05-07T09:49:21.996+0000] {taskinstance.py:2076} INFO - Dependencies all met for dep_context=non-requeueable deps ti=<TaskInstance: weather_etl_dag.run_dbt manual__2025-05-07T09:49:14.290070+00:00 [queued]>
[2025-05-07T09:49:22.064+0000] {taskinstance.py:2076} INFO - Dependencies all met for dep_context=requeueable deps ti=<TaskInstance: weather_etl_dag.run_dbt manual__2025-05-07T09:49:14.290070+00:00 [queued]>
[2025-05-07T09:49:22.069+0000] {taskinstance.py:2306} INFO - Starting attempt 1 of 1
[2025-05-07T09:49:22.148+0000] {taskinstance.py:2330} INFO - Executing <Task(PythonOperator): run_dbt> on 2025-05-07 09:49:14.290070+00:00
[2025-05-07T09:49:22.204+0000] {logging_mixin.py:188} WARNING - /home/airflow/.local/lib/python3.12/site-packages/airflow/task/task_runner/standard_task_runner.py:61 DeprecationWarning: This process (pid=659) is multi-threaded, use of fork() may lead to deadlocks in the child.
[2025-05-07T09:49:22.213+0000] {standard_task_runner.py:63} INFO - Started process 666 to run task
[2025-05-07T09:49:22.205+0000] {standard_task_runner.py:90} INFO - Running: ['airflow', 'tasks', 'run', 'weather_etl_dag', 'run_dbt', 'manual__2025-05-07T09:49:14.290070+00:00', '--job-id', '199', '--raw', '--subdir', 'DAGS_FOLDER/weather_etl_dag.py', '--cfg-path', '/tmp/tmp1ds04edo']
[2025-05-07T09:49:22.230+0000] {standard_task_runner.py:91} INFO - Job 199: Subtask run_dbt
[2025-05-07T09:49:22.325+0000] {logging_mixin.py:188} WARNING - /home/airflow/.local/lib/python3.12/site-packages/airflow/settings.py:195 DeprecationWarning: The sql_alchemy_conn option in [core] has been moved to the sql_alchemy_conn option in [database] - the old setting has been used, but please update your config.
[2025-05-07T09:49:22.651+0000] {task_command.py:426} INFO - Running <TaskInstance: weather_etl_dag.run_dbt manual__2025-05-07T09:49:14.290070+00:00 [running]> on host a438d0b68a5b
[2025-05-07T09:49:23.083+0000] {taskinstance.py:2648} INFO - Exporting env vars: AIRFLOW_CTX_DAG_OWNER='airflow' AIRFLOW_CTX_DAG_ID='weather_etl_dag' AIRFLOW_CTX_TASK_ID='run_dbt' AIRFLOW_CTX_EXECUTION_DATE='2025-05-07T09:49:14.290070+00:00' AIRFLOW_CTX_TRY_NUMBER='1' AIRFLOW_CTX_DAG_RUN_ID='manual__2025-05-07T09:49:14.290070+00:00'
[2025-05-07T09:49:23.088+0000] {taskinstance.py:430} INFO - ::endgroup::
[2025-05-07T09:49:26.372+0000] {local_task_job_runner.py:124} ERROR - Received SIGTERM. Terminating subprocesses
[2025-05-07T09:49:26.491+0000] {process_utils.py:132} INFO - Sending 15 to group 666. PIDs of all processes in the group: [669, 666]
[2025-05-07T09:49:26.531+0000] {process_utils.py:87} INFO - Sending the signal 15 to group 666
[2025-05-07T09:49:26.536+0000] {taskinstance.py:2611} ERROR - Received SIGTERM. Terminating subprocesses.
[2025-05-07T09:49:26.551+0000] {taskinstance.py:441} INFO - ::group::Post task execution logs
[2025-05-07T09:49:26.734+0000] {taskinstance.py:2905} ERROR - Task failed with exception
Traceback (most recent call last):
  File "/home/airflow/.local/lib/python3.12/site-packages/airflow/models/taskinstance.py", line 465, in _execute_task
    result = _execute_callable(context=context, **execute_callable_kwargs)
             ^^^^^^^^^^^^^^^^^^^^^^^^^^^^^^^^^^^^^^^^^^^^^^^^^^^^^^^^^^^^^
  File "/home/airflow/.local/lib/python3.12/site-packages/airflow/models/taskinstance.py", line 432, in _execute_callable
    return execute_callable(context=context, **execute_callable_kwargs)
           ^^^^^^^^^^^^^^^^^^^^^^^^^^^^^^^^^^^^^^^^^^^^^^^^^^^^^^^^^^^^
  File "/home/airflow/.local/lib/python3.12/site-packages/airflow/models/baseoperator.py", line 400, in wrapper
    return func(self, *args, **kwargs)
           ^^^^^^^^^^^^^^^^^^^^^^^^^^^
  File "/home/airflow/.local/lib/python3.12/site-packages/airflow/operators/python.py", line 235, in execute
    return_value = self.execute_callable()
                   ^^^^^^^^^^^^^^^^^^^^^^^
  File "/home/airflow/.local/lib/python3.12/site-packages/airflow/operators/python.py", line 252, in execute_callable
    return self.python_callable(*self.op_args, **self.op_kwargs)
           ^^^^^^^^^^^^^^^^^^^^^^^^^^^^^^^^^^^^^^^^^^^^^^^^^^^^^
  File "/opt/airflow/dags/weather_etl_dag.py", line 10, in run_dbt
    subprocess.run(['dbt', 'run'], check=True, cwd='/opt/airflow/dags/dbt_project')
  File "/usr/local/lib/python3.12/subprocess.py", line 550, in run
    stdout, stderr = process.communicate(input, timeout=timeout)
                     ^^^^^^^^^^^^^^^^^^^^^^^^^^^^^^^^^^^^^^^^^^^
  File "/usr/local/lib/python3.12/subprocess.py", line 1201, in communicate
    self.wait()
  File "/usr/local/lib/python3.12/subprocess.py", line 1264, in wait
    return self._wait(timeout=timeout)
           ^^^^^^^^^^^^^^^^^^^^^^^^^^^
  File "/usr/local/lib/python3.12/subprocess.py", line 2053, in _wait
    (pid, sts) = self._try_wait(0)
                 ^^^^^^^^^^^^^^^^^
  File "/usr/local/lib/python3.12/subprocess.py", line 2011, in _try_wait
    (pid, sts) = os.waitpid(self.pid, wait_flags)
                 ^^^^^^^^^^^^^^^^^^^^^^^^^^^^^^^^
  File "/home/airflow/.local/lib/python3.12/site-packages/airflow/models/taskinstance.py", line 2613, in signal_handler
    raise AirflowTaskTerminated("Task received SIGTERM signal")
airflow.exceptions.AirflowTaskTerminated: Task received SIGTERM signal
[2025-05-07T09:49:27.057+0000] {process_utils.py:80} INFO - Process psutil.Process(pid=669, status='terminated', started='09:49:23') (669) terminated with exit code None
[2025-05-07T09:49:27.067+0000] {taskinstance.py:1206} INFO - Marking task as FAILED. dag_id=weather_etl_dag, task_id=run_dbt, run_id=manual__2025-05-07T09:49:14.290070+00:00, execution_date=20250507T094914, start_date=20250507T094921, end_date=20250507T094927
[2025-05-07T09:49:27.598+0000] {process_utils.py:80} INFO - Process psutil.Process(pid=666, status='terminated', exitcode=2, started='09:49:21') (666) terminated with exit code 2
[2025-05-07T09:49:27.603+0000] {local_task_job_runner.py:240} INFO - Task exited with return code 143
[2025-05-07T09:49:27.875+0000] {taskinstance.py:3498} INFO - 0 downstream tasks scheduled from follow-on schedule check
[2025-05-07T09:49:27.948+0000] {local_task_job_runner.py:222} INFO - ::endgroup::
