[2025-05-07T09:49:15.825+0000] {local_task_job_runner.py:120} INFO - ::group::Pre task execution logs
[2025-05-07T09:49:15.880+0000] {taskinstance.py:2076} INFO - Dependencies all met for dep_context=non-requeueable deps ti=<TaskInstance: weather_etl_dag.fetch_weather manual__2025-05-07T09:49:14.290070+00:00 [queued]>
[2025-05-07T09:49:15.897+0000] {taskinstance.py:2076} INFO - Dependencies all met for dep_context=requeueable deps ti=<TaskInstance: weather_etl_dag.fetch_weather manual__2025-05-07T09:49:14.290070+00:00 [queued]>
[2025-05-07T09:49:15.898+0000] {taskinstance.py:2306} INFO - Starting attempt 1 of 1
[2025-05-07T09:49:15.923+0000] {taskinstance.py:2330} INFO - Executing <Task(PythonOperator): fetch_weather> on 2025-05-07 09:49:14.290070+00:00
[2025-05-07T09:49:15.943+0000] {logging_mixin.py:188} WARNING - /home/airflow/.local/lib/python3.12/site-packages/airflow/task/task_runner/standard_task_runner.py:61 DeprecationWarning: This process (pid=650) is multi-threaded, use of fork() may lead to deadlocks in the child.
[2025-05-07T09:49:15.946+0000] {standard_task_runner.py:63} INFO - Started process 655 to run task
[2025-05-07T09:49:15.944+0000] {standard_task_runner.py:90} INFO - Running: ['airflow', 'tasks', 'run', 'weather_etl_dag', 'fetch_weather', 'manual__2025-05-07T09:49:14.290070+00:00', '--job-id', '196', '--raw', '--subdir', 'DAGS_FOLDER/weather_etl_dag.py', '--cfg-path', '/tmp/tmpr8um_0_3']
[2025-05-07T09:49:15.949+0000] {standard_task_runner.py:91} INFO - Job 196: Subtask fetch_weather
[2025-05-07T09:49:15.979+0000] {logging_mixin.py:188} WARNING - /home/airflow/.local/lib/python3.12/site-packages/airflow/settings.py:195 DeprecationWarning: The sql_alchemy_conn option in [core] has been moved to the sql_alchemy_conn option in [database] - the old setting has been used, but please update your config.
[2025-05-07T09:49:16.056+0000] {task_command.py:426} INFO - Running <TaskInstance: weather_etl_dag.fetch_weather manual__2025-05-07T09:49:14.290070+00:00 [running]> on host a438d0b68a5b
[2025-05-07T09:49:16.340+0000] {taskinstance.py:2648} INFO - Exporting env vars: AIRFLOW_CTX_DAG_OWNER='airflow' AIRFLOW_CTX_DAG_ID='weather_etl_dag' AIRFLOW_CTX_TASK_ID='fetch_weather' AIRFLOW_CTX_EXECUTION_DATE='2025-05-07T09:49:14.290070+00:00' AIRFLOW_CTX_TRY_NUMBER='1' AIRFLOW_CTX_DAG_RUN_ID='manual__2025-05-07T09:49:14.290070+00:00'
[2025-05-07T09:49:16.342+0000] {taskinstance.py:430} INFO - ::endgroup::
[2025-05-07T09:49:17.138+0000] {fetch_weather.py:57} INFO - Weather data fetched and saved successfully.
[2025-05-07T09:49:17.142+0000] {python.py:237} INFO - Done. Returned value was: None
[2025-05-07T09:49:17.145+0000] {taskinstance.py:441} INFO - ::group::Post task execution logs
[2025-05-07T09:49:17.196+0000] {taskinstance.py:1206} INFO - Marking task as SUCCESS. dag_id=weather_etl_dag, task_id=fetch_weather, run_id=manual__2025-05-07T09:49:14.290070+00:00, execution_date=20250507T094914, start_date=20250507T094915, end_date=20250507T094917
[2025-05-07T09:49:17.288+0000] {local_task_job_runner.py:240} INFO - Task exited with return code 0
[2025-05-07T09:49:17.369+0000] {taskinstance.py:3498} INFO - 1 downstream tasks scheduled from follow-on schedule check
[2025-05-07T09:49:17.374+0000] {local_task_job_runner.py:222} INFO - ::endgroup::
