[2025-05-06T15:25:53.006+0000] {local_task_job_runner.py:120} INFO - ::group::Pre task execution logs
[2025-05-06T15:25:53.043+0000] {taskinstance.py:2076} INFO - Dependencies all met for dep_context=non-requeueable deps ti=<TaskInstance: weather_etl_dag.run-dbt manual__2025-05-06T15:25:48.727160+00:00 [queued]>
[2025-05-06T15:25:53.053+0000] {taskinstance.py:2076} INFO - Dependencies all met for dep_context=requeueable deps ti=<TaskInstance: weather_etl_dag.run-dbt manual__2025-05-06T15:25:48.727160+00:00 [queued]>
[2025-05-06T15:25:53.055+0000] {taskinstance.py:2306} INFO - Starting attempt 1 of 1
[2025-05-06T15:25:53.070+0000] {taskinstance.py:2330} INFO - Executing <Task(PythonOperator): run-dbt> on 2025-05-06 15:25:48.727160+00:00
[2025-05-06T15:25:53.081+0000] {standard_task_runner.py:90} INFO - Running: ['airflow', 'tasks', 'run', 'weather_etl_dag', 'run-dbt', 'manual__2025-05-06T15:25:48.727160+00:00', '--job-id', '62', '--raw', '--subdir', 'DAGS_FOLDER/weather_etl_dag.py', '--cfg-path', '/tmp/tmplwqzy16t']
[2025-05-06T15:25:53.084+0000] {standard_task_runner.py:91} INFO - Job 62: Subtask run-dbt
[2025-05-06T15:25:53.087+0000] {logging_mixin.py:188} WARNING - /home/airflow/.local/lib/python3.12/site-packages/airflow/task/task_runner/standard_task_runner.py:61 DeprecationWarning: This process (pid=6543) is multi-threaded, use of fork() may lead to deadlocks in the child.
[2025-05-06T15:25:53.089+0000] {standard_task_runner.py:63} INFO - Started process 6546 to run task
[2025-05-06T15:25:53.104+0000] {logging_mixin.py:188} WARNING - /home/airflow/.local/lib/python3.12/site-packages/airflow/settings.py:195 DeprecationWarning: The sql_alchemy_conn option in [core] has been moved to the sql_alchemy_conn option in [database] - the old setting has been used, but please update your config.
[2025-05-06T15:25:53.146+0000] {task_command.py:426} INFO - Running <TaskInstance: weather_etl_dag.run-dbt manual__2025-05-06T15:25:48.727160+00:00 [running]> on host 1259ec087e8d
[2025-05-06T15:25:53.322+0000] {taskinstance.py:2648} INFO - Exporting env vars: AIRFLOW_CTX_DAG_OWNER='airflow' AIRFLOW_CTX_DAG_ID='weather_etl_dag' AIRFLOW_CTX_TASK_ID='run-dbt' AIRFLOW_CTX_EXECUTION_DATE='2025-05-06T15:25:48.727160+00:00' AIRFLOW_CTX_TRY_NUMBER='1' AIRFLOW_CTX_DAG_RUN_ID='manual__2025-05-06T15:25:48.727160+00:00'
[2025-05-06T15:25:53.325+0000] {taskinstance.py:430} INFO - ::endgroup::
[2025-05-06T15:25:55.363+0000] {logging_mixin.py:188} INFO - Running dbt...
[2025-05-06T15:25:55.382+0000] {python.py:237} INFO - Done. Returned value was: None
[2025-05-06T15:25:55.383+0000] {taskinstance.py:441} INFO - ::group::Post task execution logs
[2025-05-06T15:25:55.491+0000] {taskinstance.py:1206} INFO - Marking task as SUCCESS. dag_id=weather_etl_dag, task_id=run-dbt, run_id=manual__2025-05-06T15:25:48.727160+00:00, execution_date=20250506T152548, start_date=20250506T152553, end_date=20250506T152555
[2025-05-06T15:25:55.559+0000] {local_task_job_runner.py:240} INFO - Task exited with return code 0
[2025-05-06T15:25:55.593+0000] {taskinstance.py:3498} INFO - 0 downstream tasks scheduled from follow-on schedule check
[2025-05-06T15:25:55.596+0000] {local_task_job_runner.py:222} INFO - ::endgroup::
