[2025-05-06T20:23:16.472+0000] {local_task_job_runner.py:120} INFO - ::group::Pre task execution logs
[2025-05-06T20:23:16.514+0000] {taskinstance.py:2076} INFO - Dependencies all met for dep_context=non-requeueable deps ti=<TaskInstance: weather_etl_dag.run-dbt manual__2025-05-06T20:23:12.640635+00:00 [queued]>
[2025-05-06T20:23:16.527+0000] {taskinstance.py:2076} INFO - Dependencies all met for dep_context=requeueable deps ti=<TaskInstance: weather_etl_dag.run-dbt manual__2025-05-06T20:23:12.640635+00:00 [queued]>
[2025-05-06T20:23:16.529+0000] {taskinstance.py:2306} INFO - Starting attempt 1 of 1
[2025-05-06T20:23:16.541+0000] {taskinstance.py:2330} INFO - Executing <Task(PythonOperator): run-dbt> on 2025-05-06 20:23:12.640635+00:00
[2025-05-06T20:23:16.555+0000] {logging_mixin.py:188} WARNING - /home/airflow/.local/lib/python3.12/site-packages/airflow/task/task_runner/standard_task_runner.py:61 DeprecationWarning: This process (pid=1104) is multi-threaded, use of fork() may lead to deadlocks in the child.
[2025-05-06T20:23:16.555+0000] {standard_task_runner.py:90} INFO - Running: ['airflow', 'tasks', 'run', 'weather_etl_dag', 'run-dbt', 'manual__2025-05-06T20:23:12.640635+00:00', '--job-id', '105', '--raw', '--subdir', 'DAGS_FOLDER/weather_etl_dag.py', '--cfg-path', '/tmp/tmp6juubc9d']
[2025-05-06T20:23:16.556+0000] {standard_task_runner.py:63} INFO - Started process 1106 to run task
[2025-05-06T20:23:16.557+0000] {standard_task_runner.py:91} INFO - Job 105: Subtask run-dbt
[2025-05-06T20:23:16.574+0000] {logging_mixin.py:188} WARNING - /home/airflow/.local/lib/python3.12/site-packages/airflow/settings.py:195 DeprecationWarning: The sql_alchemy_conn option in [core] has been moved to the sql_alchemy_conn option in [database] - the old setting has been used, but please update your config.
[2025-05-06T20:23:16.643+0000] {task_command.py:426} INFO - Running <TaskInstance: weather_etl_dag.run-dbt manual__2025-05-06T20:23:12.640635+00:00 [running]> on host c6817411f6c2
[2025-05-06T20:23:16.779+0000] {taskinstance.py:2648} INFO - Exporting env vars: AIRFLOW_CTX_DAG_OWNER='airflow' AIRFLOW_CTX_DAG_ID='weather_etl_dag' AIRFLOW_CTX_TASK_ID='run-dbt' AIRFLOW_CTX_EXECUTION_DATE='2025-05-06T20:23:12.640635+00:00' AIRFLOW_CTX_TRY_NUMBER='1' AIRFLOW_CTX_DAG_RUN_ID='manual__2025-05-06T20:23:12.640635+00:00'
[2025-05-06T20:23:16.781+0000] {taskinstance.py:430} INFO - ::endgroup::
[2025-05-06T20:23:23.270+0000] {logging_mixin.py:188} INFO - dbt run failed: Command '['dbt', 'run']' returned non-zero exit status 1.
[2025-05-06T20:23:23.271+0000] {python.py:237} INFO - Done. Returned value was: None
[2025-05-06T20:23:23.272+0000] {taskinstance.py:441} INFO - ::group::Post task execution logs
[2025-05-06T20:23:23.285+0000] {taskinstance.py:1206} INFO - Marking task as SUCCESS. dag_id=weather_etl_dag, task_id=run-dbt, run_id=manual__2025-05-06T20:23:12.640635+00:00, execution_date=20250506T202312, start_date=20250506T202316, end_date=20250506T202323
[2025-05-06T20:23:23.329+0000] {local_task_job_runner.py:240} INFO - Task exited with return code 0
[2025-05-06T20:23:23.346+0000] {taskinstance.py:3498} INFO - 0 downstream tasks scheduled from follow-on schedule check
[2025-05-06T20:23:23.348+0000] {local_task_job_runner.py:222} INFO - ::endgroup::
