[2025-05-07T07:31:21.969+0000] {local_task_job_runner.py:120} INFO - ::group::Pre task execution logs
[2025-05-07T07:31:22.157+0000] {taskinstance.py:2076} INFO - Dependencies all met for dep_context=non-requeueable deps ti=<TaskInstance: weather_etl_dag.run_dbt manual__2025-05-07T07:31:02.984747+00:00 [queued]>
[2025-05-07T07:31:22.225+0000] {taskinstance.py:2076} INFO - Dependencies all met for dep_context=requeueable deps ti=<TaskInstance: weather_etl_dag.run_dbt manual__2025-05-07T07:31:02.984747+00:00 [queued]>
[2025-05-07T07:31:22.227+0000] {taskinstance.py:2306} INFO - Starting attempt 1 of 1
[2025-05-07T07:31:22.324+0000] {taskinstance.py:2330} INFO - Executing <Task(PythonOperator): run_dbt> on 2025-05-07 07:31:02.984747+00:00
[2025-05-07T07:31:22.464+0000] {logging_mixin.py:188} WARNING - /home/airflow/.local/lib/python3.12/site-packages/airflow/task/task_runner/standard_task_runner.py:61 DeprecationWarning: This process (pid=3513) is multi-threaded, use of fork() may lead to deadlocks in the child.
[2025-05-07T07:31:22.490+0000] {standard_task_runner.py:63} INFO - Started process 3527 to run task
[2025-05-07T07:31:22.572+0000] {standard_task_runner.py:90} INFO - Running: ['airflow', 'tasks', 'run', 'weather_etl_dag', 'run_dbt', 'manual__2025-05-07T07:31:02.984747+00:00', '--job-id', '179', '--raw', '--subdir', 'DAGS_FOLDER/weather_etl_dag.py', '--cfg-path', '/tmp/tmpt7hi3s6q']
[2025-05-07T07:31:22.673+0000] {standard_task_runner.py:91} INFO - Job 179: Subtask run_dbt
[2025-05-07T07:31:23.277+0000] {logging_mixin.py:188} WARNING - /home/airflow/.local/lib/python3.12/site-packages/airflow/settings.py:195 DeprecationWarning: The sql_alchemy_conn option in [core] has been moved to the sql_alchemy_conn option in [database] - the old setting has been used, but please update your config.
[2025-05-07T07:31:24.664+0000] {task_command.py:426} INFO - Running <TaskInstance: weather_etl_dag.run_dbt manual__2025-05-07T07:31:02.984747+00:00 [running]> on host 3febfdbf0043
[2025-05-07T07:31:27.410+0000] {taskinstance.py:2648} INFO - Exporting env vars: AIRFLOW_CTX_DAG_OWNER='airflow' AIRFLOW_CTX_DAG_ID='weather_etl_dag' AIRFLOW_CTX_TASK_ID='run_dbt' AIRFLOW_CTX_EXECUTION_DATE='2025-05-07T07:31:02.984747+00:00' AIRFLOW_CTX_TRY_NUMBER='1' AIRFLOW_CTX_DAG_RUN_ID='manual__2025-05-07T07:31:02.984747+00:00'
[2025-05-07T07:31:27.418+0000] {taskinstance.py:430} INFO - ::endgroup::
[2025-05-07T07:31:56.492+0000] {logging_mixin.py:188} INFO - dbt run completed successfully.
[2025-05-07T07:31:56.495+0000] {python.py:237} INFO - Done. Returned value was: None
[2025-05-07T07:31:56.498+0000] {taskinstance.py:441} INFO - ::group::Post task execution logs
[2025-05-07T07:31:56.538+0000] {taskinstance.py:1206} INFO - Marking task as SUCCESS. dag_id=weather_etl_dag, task_id=run_dbt, run_id=manual__2025-05-07T07:31:02.984747+00:00, execution_date=20250507T073102, start_date=20250507T073122, end_date=20250507T073156
[2025-05-07T07:31:56.633+0000] {local_task_job_runner.py:240} INFO - Task exited with return code 0
[2025-05-07T07:31:56.740+0000] {taskinstance.py:3498} INFO - 0 downstream tasks scheduled from follow-on schedule check
[2025-05-07T07:31:56.827+0000] {local_task_job_runner.py:222} INFO - ::endgroup::
