[2025-05-07T08:00:04.094+0000] {local_task_job_runner.py:120} INFO - ::group::Pre task execution logs
[2025-05-07T08:00:04.127+0000] {taskinstance.py:2076} INFO - Dependencies all met for dep_context=non-requeueable deps ti=<TaskInstance: weather_etl_dag.run_dbt scheduled__2025-05-07T07:00:00+00:00 [queued]>
[2025-05-07T08:00:04.138+0000] {taskinstance.py:2076} INFO - Dependencies all met for dep_context=requeueable deps ti=<TaskInstance: weather_etl_dag.run_dbt scheduled__2025-05-07T07:00:00+00:00 [queued]>
[2025-05-07T08:00:04.139+0000] {taskinstance.py:2306} INFO - Starting attempt 1 of 1
[2025-05-07T08:00:04.153+0000] {taskinstance.py:2330} INFO - Executing <Task(PythonOperator): run_dbt> on 2025-05-07 07:00:00+00:00
[2025-05-07T08:00:04.172+0000] {logging_mixin.py:188} WARNING - /home/airflow/.local/lib/python3.12/site-packages/airflow/task/task_runner/standard_task_runner.py:61 DeprecationWarning: This process (pid=4500) is multi-threaded, use of fork() may lead to deadlocks in the child.
[2025-05-07T08:00:04.170+0000] {standard_task_runner.py:90} INFO - Running: ['airflow', 'tasks', 'run', 'weather_etl_dag', 'run_dbt', 'scheduled__2025-05-07T07:00:00+00:00', '--job-id', '182', '--raw', '--subdir', 'DAGS_FOLDER/weather_etl_dag.py', '--cfg-path', '/tmp/tmp88xmdj5m']
[2025-05-07T08:00:04.174+0000] {standard_task_runner.py:91} INFO - Job 182: Subtask run_dbt
[2025-05-07T08:00:04.174+0000] {standard_task_runner.py:63} INFO - Started process 4506 to run task
[2025-05-07T08:00:04.194+0000] {logging_mixin.py:188} WARNING - /home/airflow/.local/lib/python3.12/site-packages/airflow/settings.py:195 DeprecationWarning: The sql_alchemy_conn option in [core] has been moved to the sql_alchemy_conn option in [database] - the old setting has been used, but please update your config.
[2025-05-07T08:00:04.261+0000] {task_command.py:426} INFO - Running <TaskInstance: weather_etl_dag.run_dbt scheduled__2025-05-07T07:00:00+00:00 [running]> on host 3febfdbf0043
[2025-05-07T08:00:04.381+0000] {taskinstance.py:2648} INFO - Exporting env vars: AIRFLOW_CTX_DAG_OWNER='airflow' AIRFLOW_CTX_DAG_ID='weather_etl_dag' AIRFLOW_CTX_TASK_ID='run_dbt' AIRFLOW_CTX_EXECUTION_DATE='2025-05-07T07:00:00+00:00' AIRFLOW_CTX_TRY_NUMBER='1' AIRFLOW_CTX_DAG_RUN_ID='scheduled__2025-05-07T07:00:00+00:00'
[2025-05-07T08:00:04.383+0000] {taskinstance.py:430} INFO - ::endgroup::
[2025-05-07T08:00:12.107+0000] {logging_mixin.py:188} INFO - dbt run completed successfully.
[2025-05-07T08:00:12.108+0000] {python.py:237} INFO - Done. Returned value was: None
[2025-05-07T08:00:12.110+0000] {taskinstance.py:441} INFO - ::group::Post task execution logs
[2025-05-07T08:00:12.128+0000] {taskinstance.py:1206} INFO - Marking task as SUCCESS. dag_id=weather_etl_dag, task_id=run_dbt, run_id=scheduled__2025-05-07T07:00:00+00:00, execution_date=20250507T070000, start_date=20250507T080004, end_date=20250507T080012
[2025-05-07T08:00:12.185+0000] {local_task_job_runner.py:240} INFO - Task exited with return code 0
[2025-05-07T08:00:12.207+0000] {taskinstance.py:3498} INFO - 0 downstream tasks scheduled from follow-on schedule check
[2025-05-07T08:00:12.210+0000] {local_task_job_runner.py:222} INFO - ::endgroup::
