[2025-05-07T03:42:11.497+0000] {local_task_job_runner.py:120} INFO - ::group::Pre task execution logs
[2025-05-07T03:42:11.533+0000] {taskinstance.py:2076} INFO - Dependencies all met for dep_context=non-requeueable deps ti=<TaskInstance: weather_etl_dag.fetch_weather manual__2025-05-07T03:42:10.072452+00:00 [queued]>
[2025-05-07T03:42:11.546+0000] {taskinstance.py:2076} INFO - Dependencies all met for dep_context=requeueable deps ti=<TaskInstance: weather_etl_dag.fetch_weather manual__2025-05-07T03:42:10.072452+00:00 [queued]>
[2025-05-07T03:42:11.547+0000] {taskinstance.py:2306} INFO - Starting attempt 1 of 1
[2025-05-07T03:42:11.561+0000] {taskinstance.py:2330} INFO - Executing <Task(PythonOperator): fetch_weather> on 2025-05-07 03:42:10.072452+00:00
[2025-05-07T03:42:11.569+0000] {logging_mixin.py:188} WARNING - /home/airflow/.local/lib/python3.12/site-packages/airflow/task/task_runner/standard_task_runner.py:61 DeprecationWarning: This process (pid=347) is multi-threaded, use of fork() may lead to deadlocks in the child.
[2025-05-07T03:42:11.570+0000] {standard_task_runner.py:63} INFO - Started process 349 to run task
[2025-05-07T03:42:11.568+0000] {standard_task_runner.py:90} INFO - Running: ['airflow', 'tasks', 'run', 'weather_etl_dag', 'fetch_weather', 'manual__2025-05-07T03:42:10.072452+00:00', '--job-id', '156', '--raw', '--subdir', 'DAGS_FOLDER/weather_etl_dag.py', '--cfg-path', '/tmp/tmp8itc3bu9']
[2025-05-07T03:42:11.571+0000] {standard_task_runner.py:91} INFO - Job 156: Subtask fetch_weather
[2025-05-07T03:42:11.593+0000] {logging_mixin.py:188} WARNING - /home/airflow/.local/lib/python3.12/site-packages/airflow/settings.py:195 DeprecationWarning: The sql_alchemy_conn option in [core] has been moved to the sql_alchemy_conn option in [database] - the old setting has been used, but please update your config.
[2025-05-07T03:42:11.640+0000] {task_command.py:426} INFO - Running <TaskInstance: weather_etl_dag.fetch_weather manual__2025-05-07T03:42:10.072452+00:00 [running]> on host 5e7ac55cd0dc
[2025-05-07T03:42:11.750+0000] {taskinstance.py:2648} INFO - Exporting env vars: AIRFLOW_CTX_DAG_OWNER='airflow' AIRFLOW_CTX_DAG_ID='weather_etl_dag' AIRFLOW_CTX_TASK_ID='fetch_weather' AIRFLOW_CTX_EXECUTION_DATE='2025-05-07T03:42:10.072452+00:00' AIRFLOW_CTX_TRY_NUMBER='1' AIRFLOW_CTX_DAG_RUN_ID='manual__2025-05-07T03:42:10.072452+00:00'
[2025-05-07T03:42:11.752+0000] {taskinstance.py:430} INFO - ::endgroup::
[2025-05-07T03:42:12.321+0000] {logging_mixin.py:188} INFO - Weather data fetched and saved successfully.
[2025-05-07T03:42:12.323+0000] {python.py:237} INFO - Done. Returned value was: None
[2025-05-07T03:42:12.324+0000] {taskinstance.py:441} INFO - ::group::Post task execution logs
[2025-05-07T03:42:12.333+0000] {taskinstance.py:1206} INFO - Marking task as SUCCESS. dag_id=weather_etl_dag, task_id=fetch_weather, run_id=manual__2025-05-07T03:42:10.072452+00:00, execution_date=20250507T034210, start_date=20250507T034211, end_date=20250507T034212
[2025-05-07T03:42:12.389+0000] {local_task_job_runner.py:240} INFO - Task exited with return code 0
[2025-05-07T03:42:12.410+0000] {taskinstance.py:3498} INFO - 1 downstream tasks scheduled from follow-on schedule check
[2025-05-07T03:42:12.413+0000] {local_task_job_runner.py:222} INFO - ::endgroup::
