[2025-05-07T09:00:13.196+0000] {local_task_job_runner.py:120} INFO - ::group::Pre task execution logs
[2025-05-07T09:00:13.404+0000] {taskinstance.py:2076} INFO - Dependencies all met for dep_context=non-requeueable deps ti=<TaskInstance: weather_etl_dag.fetch_weather scheduled__2025-05-07T08:00:00+00:00 [queued]>
[2025-05-07T09:00:13.455+0000] {taskinstance.py:2076} INFO - Dependencies all met for dep_context=requeueable deps ti=<TaskInstance: weather_etl_dag.fetch_weather scheduled__2025-05-07T08:00:00+00:00 [queued]>
[2025-05-07T09:00:13.459+0000] {taskinstance.py:2306} INFO - Starting attempt 1 of 1
[2025-05-07T09:00:13.531+0000] {taskinstance.py:2330} INFO - Executing <Task(PythonOperator): fetch_weather> on 2025-05-07 08:00:00+00:00
[2025-05-07T09:00:13.597+0000] {logging_mixin.py:188} WARNING - /home/airflow/.local/lib/python3.12/site-packages/airflow/task/task_runner/standard_task_runner.py:61 DeprecationWarning: This process (pid=6517) is multi-threaded, use of fork() may lead to deadlocks in the child.
[2025-05-07T09:00:13.597+0000] {standard_task_runner.py:90} INFO - Running: ['airflow', 'tasks', 'run', 'weather_etl_dag', 'fetch_weather', 'scheduled__2025-05-07T08:00:00+00:00', '--job-id', '187', '--raw', '--subdir', 'DAGS_FOLDER/weather_etl_dag.py', '--cfg-path', '/tmp/tmps4n_5v0e']
[2025-05-07T09:00:13.605+0000] {standard_task_runner.py:63} INFO - Started process 6533 to run task
[2025-05-07T09:00:13.607+0000] {standard_task_runner.py:91} INFO - Job 187: Subtask fetch_weather
[2025-05-07T09:00:13.731+0000] {logging_mixin.py:188} WARNING - /home/airflow/.local/lib/python3.12/site-packages/airflow/settings.py:195 DeprecationWarning: The sql_alchemy_conn option in [core] has been moved to the sql_alchemy_conn option in [database] - the old setting has been used, but please update your config.
[2025-05-07T09:00:14.251+0000] {task_command.py:426} INFO - Running <TaskInstance: weather_etl_dag.fetch_weather scheduled__2025-05-07T08:00:00+00:00 [running]> on host 3febfdbf0043
[2025-05-07T09:00:14.946+0000] {taskinstance.py:2648} INFO - Exporting env vars: AIRFLOW_CTX_DAG_OWNER='airflow' AIRFLOW_CTX_DAG_ID='weather_etl_dag' AIRFLOW_CTX_TASK_ID='fetch_weather' AIRFLOW_CTX_EXECUTION_DATE='2025-05-07T08:00:00+00:00' AIRFLOW_CTX_TRY_NUMBER='1' AIRFLOW_CTX_DAG_RUN_ID='scheduled__2025-05-07T08:00:00+00:00'
[2025-05-07T09:00:14.951+0000] {taskinstance.py:430} INFO - ::endgroup::
[2025-05-07T09:00:17.952+0000] {fetch_weather.py:57} INFO - Weather data fetched and saved successfully.
[2025-05-07T09:00:17.963+0000] {python.py:237} INFO - Done. Returned value was: None
[2025-05-07T09:00:17.977+0000] {taskinstance.py:441} INFO - ::group::Post task execution logs
[2025-05-07T09:00:18.064+0000] {taskinstance.py:1206} INFO - Marking task as SUCCESS. dag_id=weather_etl_dag, task_id=fetch_weather, run_id=scheduled__2025-05-07T08:00:00+00:00, execution_date=20250507T080000, start_date=20250507T090013, end_date=20250507T090018
[2025-05-07T09:00:18.262+0000] {local_task_job_runner.py:240} INFO - Task exited with return code 0
[2025-05-07T09:00:18.501+0000] {taskinstance.py:3498} INFO - 1 downstream tasks scheduled from follow-on schedule check
[2025-05-07T09:00:18.509+0000] {local_task_job_runner.py:222} INFO - ::endgroup::
