[2025-05-06T10:52:10.998+0000] {local_task_job_runner.py:120} INFO - ::group::Pre task execution logs
[2025-05-06T10:52:11.044+0000] {taskinstance.py:2076} INFO - Dependencies all met for dep_context=non-requeueable deps ti=<TaskInstance: weather_etl_dag.fetch_weather scheduled__2025-05-05T00:00:00+00:00 [queued]>
[2025-05-06T10:52:11.053+0000] {taskinstance.py:2076} INFO - Dependencies all met for dep_context=requeueable deps ti=<TaskInstance: weather_etl_dag.fetch_weather scheduled__2025-05-05T00:00:00+00:00 [queued]>
[2025-05-06T10:52:11.055+0000] {taskinstance.py:2306} INFO - Starting attempt 1 of 1
[2025-05-06T10:52:11.070+0000] {taskinstance.py:2330} INFO - Executing <Task(PythonOperator): fetch_weather> on 2025-05-05 00:00:00+00:00
[2025-05-06T10:52:11.079+0000] {standard_task_runner.py:90} INFO - Running: ['airflow', 'tasks', 'run', 'weather_etl_dag', 'fetch_weather', 'scheduled__2025-05-05T00:00:00+00:00', '--job-id', '4', '--raw', '--subdir', 'DAGS_FOLDER/weather_etl_dag.py', '--cfg-path', '/tmp/tmp6cox67o9']
[2025-05-06T10:52:11.081+0000] {logging_mixin.py:188} WARNING - /home/airflow/.local/lib/python3.12/site-packages/airflow/task/task_runner/standard_task_runner.py:61 DeprecationWarning: This process (pid=529) is multi-threaded, use of fork() may lead to deadlocks in the child.
[2025-05-06T10:52:11.082+0000] {standard_task_runner.py:91} INFO - Job 4: Subtask fetch_weather
[2025-05-06T10:52:11.082+0000] {standard_task_runner.py:63} INFO - Started process 531 to run task
[2025-05-06T10:52:11.137+0000] {logging_mixin.py:188} WARNING - /home/airflow/.local/lib/python3.12/site-packages/airflow/settings.py:195 DeprecationWarning: The sql_alchemy_conn option in [core] has been moved to the sql_alchemy_conn option in [database] - the old setting has been used, but please update your config.
[2025-05-06T10:52:11.295+0000] {task_command.py:426} INFO - Running <TaskInstance: weather_etl_dag.fetch_weather scheduled__2025-05-05T00:00:00+00:00 [running]> on host 1259ec087e8d
[2025-05-06T10:52:11.593+0000] {taskinstance.py:2648} INFO - Exporting env vars: AIRFLOW_CTX_DAG_OWNER='airflow' AIRFLOW_CTX_DAG_ID='weather_etl_dag' AIRFLOW_CTX_TASK_ID='fetch_weather' AIRFLOW_CTX_EXECUTION_DATE='2025-05-05T00:00:00+00:00' AIRFLOW_CTX_TRY_NUMBER='1' AIRFLOW_CTX_DAG_RUN_ID='scheduled__2025-05-05T00:00:00+00:00'
[2025-05-06T10:52:11.597+0000] {taskinstance.py:430} INFO - ::endgroup::
[2025-05-06T10:52:11.684+0000] {logging_mixin.py:188} INFO - Fetching weather data...
[2025-05-06T10:52:11.685+0000] {python.py:237} INFO - Done. Returned value was: None
[2025-05-06T10:52:11.688+0000] {taskinstance.py:441} INFO - ::group::Post task execution logs
[2025-05-06T10:52:11.728+0000] {taskinstance.py:1206} INFO - Marking task as SUCCESS. dag_id=weather_etl_dag, task_id=fetch_weather, run_id=scheduled__2025-05-05T00:00:00+00:00, execution_date=20250505T000000, start_date=20250506T105211, end_date=20250506T105211
[2025-05-06T10:52:11.779+0000] {local_task_job_runner.py:240} INFO - Task exited with return code 0
[2025-05-06T10:52:11.808+0000] {taskinstance.py:3498} INFO - 1 downstream tasks scheduled from follow-on schedule check
[2025-05-06T10:52:11.810+0000] {local_task_job_runner.py:222} INFO - ::endgroup::
